<?xml version="1.0" encoding="UTF-8"?>
<!-- Generated by org.testng.reporters.JUnitReportReporter -->
<testsuite skipped="0" hostname="MAVBCP2226" name="com.scuba.pageobjects.PersonalDetails" tests="1" failures="0" timestamp="2021-12-09T17:25:27 IST" time="64.624" errors="0">
  <testcase name="f" time="64.624" classname="com.scuba.pageobjects.PersonalDetails"/>
  <system-out/>
</testsuite> <!-- com.scuba.pageobjects.PersonalDetails -->
