<?xml version="1.0" encoding="UTF-8"?>
<!-- Generated by org.testng.reporters.JUnitReportReporter -->
<testsuite skipped="0" hostname="MAVBCP2226" name="com.scuba.pageobjects.ContactDetails" tests="1" failures="0" timestamp="2021-12-09T17:25:27 IST" time="44.897" errors="0">
  <testcase name="f" time="44.897" classname="com.scuba.pageobjects.ContactDetails"/>
  <system-out/>
</testsuite> <!-- com.scuba.pageobjects.ContactDetails -->
